0 info it worked if it ends with ok
1 verbose cli [ 'D:\\Programs\\nvm\\v6.13.1\\node.exe',
1 verbose cli   'D:\\Programs\\nvm\\v6.13.1\\node_modules\\npm\\bin\\npm-cli.js',
1 verbose cli   'run',
1 verbose cli   'test',
1 verbose cli   'HashTable/__test__/HashTable.test.ts' ]
2 info using npm@3.10.10
3 info using node@v6.13.1
4 verbose run-script [ 'pretest', 'test', 'posttest' ]
5 info lifecycle javascript-algorithms-and-data-structures@0.0.4~pretest: javascript-algorithms-and-data-structures@0.0.4
6 silly lifecycle javascript-algorithms-and-data-structures@0.0.4~pretest: no script for pretest, continuing
7 info lifecycle javascript-algorithms-and-data-structures@0.0.4~test: javascript-algorithms-and-data-structures@0.0.4
8 verbose lifecycle javascript-algorithms-and-data-structures@0.0.4~test: unsafe-perm in lifecycle true
9 verbose lifecycle javascript-algorithms-and-data-structures@0.0.4~test: PATH: D:\Programs\nvm\v6.13.1\node_modules\npm\bin\node-gyp-bin;D:\WorkStation\javascript-algorithms\node_modules\.bin;C:\WINDOWS\system32;C:\WINDOWS;C:\WINDOWS\System32\Wbem;C:\WINDOWS\System32\WindowsPowerShell\v1.0\;D:\Programs\Git\cmd;D:\Programs\cmder_mini\bin;D:\Programs\mongodb\bin\;C:\ProgramData\chocolatey\bin;D:\Go\bin;D:\Programs\Mercurial\;C:\WINDOWS\System32\OpenSSH\;D:\Programs\Java\jdk1.8.0_101\bin;D:\Programs\apache-maven-3.6.0\bin;C:\Users\wfield\AppData\Local\Yarn\bin;C:\Program Files (x86)\Intel\Intel(R) Management Engine Components\DAL;C:\Program Files\Intel\Intel(R) Management Engine Components\DAL;D:\Programs\svn\bin;D:\Programs\androidSDK\platform-tools;D:\Programs\androidSDK\tools;D:\Programs\nvm;D:\Programs\nvm\v6.13.1;D:\Programs\MinGW\bin;C:\Program Files\Intel\WiFi\bin\;C:\Program Files\Common Files\Intel\WirelessCommon\;D:\Programs\python 3.7.2\Scripts\;D:\Programs\python 3.7.2\;C:\Users\wfield\AppData\Local\Microsoft\WindowsApps;C:\Users\wfield\AppData\Roaming\npm;D:\Programs\Microsoft VS Code\bin;C:\Users\wfield\go\bin;D:\Programs\nvm;D:\Programs\nvm\v10.13.0;D:\Programs\PyCharm Community Edition 2019.1.3\bin;D:\Programs\fiddler;D:\Programs\flutter_windows_v1.5.4-hotfix.2-stable\flutter\bin;
10 verbose lifecycle javascript-algorithms-and-data-structures@0.0.4~test: CWD: D:\WorkStation\javascript-algorithms
11 silly lifecycle javascript-algorithms-and-data-structures@0.0.4~test: Args: [ '/d /s /c', 'jest "HashTable/__test__/HashTable.test.ts"' ]
12 silly lifecycle javascript-algorithms-and-data-structures@0.0.4~test: Returned: code: 1  signal: null
13 info lifecycle javascript-algorithms-and-data-structures@0.0.4~test: Failed to exec test script
14 verbose stack Error: javascript-algorithms-and-data-structures@0.0.4 test: `jest "HashTable/__test__/HashTable.test.ts"`
14 verbose stack Exit status 1
14 verbose stack     at EventEmitter.<anonymous> (D:\Programs\nvm\v6.13.1\node_modules\npm\lib\utils\lifecycle.js:255:16)
14 verbose stack     at emitTwo (events.js:106:13)
14 verbose stack     at EventEmitter.emit (events.js:191:7)
14 verbose stack     at ChildProcess.<anonymous> (D:\Programs\nvm\v6.13.1\node_modules\npm\lib\utils\spawn.js:40:14)
14 verbose stack     at emitTwo (events.js:106:13)
14 verbose stack     at ChildProcess.emit (events.js:191:7)
14 verbose stack     at maybeClose (internal/child_process.js:920:16)
14 verbose stack     at Process.ChildProcess._handle.onexit (internal/child_process.js:230:5)
15 verbose pkgid javascript-algorithms-and-data-structures@0.0.4
16 verbose cwd D:\WorkStation\javascript-algorithms
17 error Windows_NT 10.0.17134
18 error argv "D:\\Programs\\nvm\\v6.13.1\\node.exe" "D:\\Programs\\nvm\\v6.13.1\\node_modules\\npm\\bin\\npm-cli.js" "run" "test" "HashTable/__test__/HashTable.test.ts"
19 error node v6.13.1
20 error npm  v3.10.10
21 error code ELIFECYCLE
22 error javascript-algorithms-and-data-structures@0.0.4 test: `jest "HashTable/__test__/HashTable.test.ts"`
22 error Exit status 1
23 error Failed at the javascript-algorithms-and-data-structures@0.0.4 test script 'jest "HashTable/__test__/HashTable.test.ts"'.
23 error Make sure you have the latest version of node.js and npm installed.
23 error If you do, this is most likely a problem with the javascript-algorithms-and-data-structures package,
23 error not with npm itself.
23 error Tell the author that this fails on your system:
23 error     jest "HashTable/__test__/HashTable.test.ts"
23 error You can get information on how to open an issue for this project with:
23 error     npm bugs javascript-algorithms-and-data-structures
23 error Or if that isn't available, you can get their info via:
23 error     npm owner ls javascript-algorithms-and-data-structures
23 error There is likely additional logging output above.
24 verbose exit [ 1, true ]
